<?xml version="1.0" encoding="UTF-8"?>
<!-- Generated by org.testng.reporters.JUnitReportReporter -->
<testsuite hostname="Latitude" failures="0" tests="2" name="com.orangehrm.LoginTestCase" time="27.848" errors="0" timestamp="2022-07-25T22:16:41 GMT-07:00" skipped="0">
  <testcase classname="com.orangehrm.LoginTestCase" name="bLogInWithInvalid" time="9.259"/>
  <system-out/>
  <testcase classname="com.orangehrm.LoginTestCase" name="aLogInWithValid" time="18.589"/>
  <system-out/>
</testsuite> <!-- com.orangehrm.LoginTestCase -->
